<?xml version="1.0" encoding="UTF-8"?>
<!-- Generated by org.testng.reporters.JUnitXMLReporter -->
<testsuite ignored="4" hostname="DESKTOP-FETVBI7" failures="4" tests="4" name="Test2" time="0.446" errors="0" timestamp="2025-04-12T22:23:16 IST">
  <testcase classname="testNG.LaunchZomato" name="zomatoTitleCheck" time="0.063">
    <failure type="java.lang.NullPointerException" message="Cannot invoke &amp;quot;org.openqa.selenium.WebDriver.get(String)&amp;quot; because &amp;quot;this.driver&amp;quot; is null">
      <![CDATA[java.lang.NullPointerException: Cannot invoke "org.openqa.selenium.WebDriver.get(String)" because "this.driver" is null
at testNG.LaunchZomato.zomatoTitleCheck(LaunchZomato.java:23)
at java.base/java.util.ArrayList.forEach(ArrayList.java:1597)
at java.base/java.util.concurrent.FutureTask.run(FutureTask.java:317)
at java.base/java.util.concurrent.ThreadPoolExecutor.runWorker(ThreadPoolExecutor.java:1144)
at java.base/java.util.concurrent.ThreadPoolExecutor$Worker.run(ThreadPoolExecutor.java:642)
at java.base/java.lang.Thread.run(Thread.java:1575)
... Removed 15 stack frames]]>
    </failure>
  </testcase> <!-- zomatoTitleCheck -->
  <testcase classname="testNG.LaunchSwiggy" name="swiggyTitleCheck" time="0.008">
    <failure type="java.lang.NullPointerException" message="Cannot invoke &amp;quot;org.openqa.selenium.WebDriver.get(String)&amp;quot; because &amp;quot;this.driver&amp;quot; is null">
      <![CDATA[java.lang.NullPointerException: Cannot invoke "org.openqa.selenium.WebDriver.get(String)" because "this.driver" is null
at testNG.LaunchSwiggy.swiggyTitleCheck(LaunchSwiggy.java:24)
at java.base/java.util.ArrayList.forEach(ArrayList.java:1597)
at java.base/java.util.concurrent.FutureTask.run(FutureTask.java:317)
at java.base/java.util.concurrent.ThreadPoolExecutor.runWorker(ThreadPoolExecutor.java:1144)
at java.base/java.util.concurrent.ThreadPoolExecutor$Worker.run(ThreadPoolExecutor.java:642)
at java.base/java.lang.Thread.run(Thread.java:1575)
... Removed 15 stack frames]]>
    </failure>
  </testcase> <!-- swiggyTitleCheck -->
  <testcase classname="testNG.LaunchFlipkart" name="FlipkartTitleCheck" time="0.008">
    <failure type="java.lang.NullPointerException" message="Cannot invoke &amp;quot;org.openqa.selenium.WebDriver.get(String)&amp;quot; because &amp;quot;this.driver&amp;quot; is null">
      <![CDATA[java.lang.NullPointerException: Cannot invoke "org.openqa.selenium.WebDriver.get(String)" because "this.driver" is null
at testNG.LaunchFlipkart.FlipkartTitleCheck(LaunchFlipkart.java:22)
at java.base/java.util.ArrayList.forEach(ArrayList.java:1597)
at java.base/java.util.concurrent.FutureTask.run(FutureTask.java:317)
at java.base/java.util.concurrent.ThreadPoolExecutor.runWorker(ThreadPoolExecutor.java:1144)
at java.base/java.util.concurrent.ThreadPoolExecutor$Worker.run(ThreadPoolExecutor.java:642)
at java.base/java.lang.Thread.run(Thread.java:1575)
... Removed 15 stack frames]]>
    </failure>
  </testcase> <!-- FlipkartTitleCheck -->
  <testcase classname="testNG.LaunchAmazon" name="AmazonTitleCheck" time="0.013">
    <failure type="java.lang.NullPointerException" message="Cannot invoke &amp;quot;org.openqa.selenium.WebDriver.get(String)&amp;quot; because &amp;quot;this.driver&amp;quot; is null">
      <![CDATA[java.lang.NullPointerException: Cannot invoke "org.openqa.selenium.WebDriver.get(String)" because "this.driver" is null
at testNG.LaunchAmazon.AmazonTitleCheck(LaunchAmazon.java:23)
at java.base/java.util.ArrayList.forEach(ArrayList.java:1597)
at java.base/java.util.concurrent.FutureTask.run(FutureTask.java:317)
at java.base/java.util.concurrent.ThreadPoolExecutor.runWorker(ThreadPoolExecutor.java:1144)
at java.base/java.util.concurrent.ThreadPoolExecutor$Worker.run(ThreadPoolExecutor.java:642)
at java.base/java.lang.Thread.run(Thread.java:1575)
... Removed 15 stack frames]]>
    </failure>
  </testcase> <!-- AmazonTitleCheck -->
  <testcase classname="testNG.LaunchFlipkart" name="launchFlipkart" time="0.0">
    <ignored/>
  </testcase> <!-- launchFlipkart -->
  <testcase classname="testNG.LaunchZomato" name="zomato" time="0.0">
    <ignored/>
  </testcase> <!-- zomato -->
  <testcase classname="testNG.LaunchSwiggy" name="Swiggy" time="0.0">
    <ignored/>
  </testcase> <!-- Swiggy -->
  <testcase classname="testNG.LaunchAmazon" name="launchAmazon" time="0.0">
    <ignored/>
  </testcase> <!-- launchAmazon -->
</testsuite> <!-- Test2 -->
