<?xml version="1.0" encoding="UTF-8"?>
<!-- Generated by org.testng.reporters.JUnitXMLReporter -->
<testsuite ignored="4" hostname="DESKTOP-FETVBI7" failures="0" tests="4" name="Test1" time="63.379" errors="0" timestamp="2025-04-12T22:24:19 IST">
  <testcase classname="testNG.LaunchZomato" name="zomato" time="11.948"/>
  <testcase classname="testNG.LaunchSwiggy" name="Swiggy" time="20.021"/>
  <testcase classname="testNG.LaunchFlipkart" name="launchFlipkart" time="17.564"/>
  <testcase classname="testNG.LaunchAmazon" name="launchAmazon" time="13.628"/>
  <testcase classname="testNG.LaunchAmazon" name="AmazonTitleCheck" time="0.0">
    <ignored/>
  </testcase> <!-- AmazonTitleCheck -->
  <testcase classname="testNG.LaunchFlipkart" name="FlipkartTitleCheck" time="0.0">
    <ignored/>
  </testcase> <!-- FlipkartTitleCheck -->
  <testcase classname="testNG.LaunchSwiggy" name="swiggyTitleCheck" time="0.0">
    <ignored/>
  </testcase> <!-- swiggyTitleCheck -->
  <testcase classname="testNG.LaunchZomato" name="zomatoTitleCheck" time="0.0">
    <ignored/>
  </testcase> <!-- zomatoTitleCheck -->
</testsuite> <!-- Test1 -->
